<?xml version="1.0" encoding="UTF-8"?>
<!-- Generated by org.testng.reporters.JUnitReportReporter -->
<testsuite hostname="OSR" failures="0" tests="1" name="ReportingTool1" time="0.557" errors="0" timestamp="2023-08-29T17:33:02 IST" skipped="0">
  <testcase classname="ReportingTool1" name="Test1" time="0.557"/>
</testsuite> <!-- ReportingTool1 -->
