<?xml version="1.0" encoding="UTF-8"?>
<!-- Generated by org.testng.reporters.JUnitReportReporter -->
<testsuite hostname="OSR" failures="0" tests="1" name="Myprogramme.Reportingtool2" time="0.031" errors="0" timestamp="2023-08-31T17:00:05 IST" skipped="0">
  <testcase classname="Myprogramme.Reportingtool2" name="console" time="0.031"/>
</testsuite> <!-- Myprogramme.Reportingtool2 -->
