<?xml version="1.0" encoding="UTF-8"?>
<!-- Generated by org.testng.reporters.JUnitReportReporter -->
<testsuite hostname="OSR" failures="0" tests="3" name="Myprogramme.runnerclass" time="0.013" errors="0" timestamp="2023-08-30T17:18:49 IST" skipped="0">
  <testcase classname="Myprogramme.runnerclass" name="test1" time="0.007"/>
  <testcase classname="Myprogramme.runnerclass" name="test2" time="0.002"/>
  <testcase classname="Myprogramme.runnerclass" name="test3" time="0.004"/>
</testsuite> <!-- Myprogramme.runnerclass -->
