<?xml version="1.0" encoding="UTF-8"?>
<!-- Generated by org.testng.reporters.JUnitReportReporter -->
<testsuite hostname="OSR" failures="0" tests="1" name="Testng.runner" time="0.007" errors="0" timestamp="2023-08-22T17:17:13 IST" skipped="0">
  <testcase classname="Testng.runner" name="run" time="0.007"/>
</testsuite> <!-- Testng.runner -->
