<?xml version="1.0" encoding="UTF-8"?>
<!-- Generated by org.testng.reporters.JUnitReportReporter -->
<testsuite hostname="OSR" failures="0" tests="1" name="Runnerpom2" time="15.065" errors="0" timestamp="2023-08-24T19:36:36 IST" skipped="0">
  <testcase classname="Runnerpom2" name="click" time="15.065"/>
</testsuite> <!-- Runnerpom2 -->
