<?xml version="1.0" encoding="UTF-8"?>
<!-- Generated by org.testng.reporters.JUnitReportReporter -->
<testsuite hostname="OSR" failures="0" tests="3" name="Groups" time="0.015" errors="0" timestamp="2023-08-28T19:30:04 IST" skipped="0">
  <testcase classname="Groups" name="test2" time="0.005"/>
  <testcase classname="Groups" name="test1" time="0.008"/>
  <testcase classname="Groups" name="test3" time="0.002"/>
</testsuite> <!-- Groups -->
