<?xml version="1.0" encoding="UTF-8"?>
<!-- Generated by org.testng.reporters.JUnitReportReporter -->
<testsuite hostname="OSR" failures="0" tests="1" name="Myprogramme.Reportingtool2layout" time="0.039" errors="0" timestamp="2023-08-30T10:16:10 IST" skipped="0">
  <testcase classname="Myprogramme.Reportingtool2layout" name="report" time="0.039"/>
</testsuite> <!-- Myprogramme.Reportingtool2layout -->
